<?xml version="1.0" encoding="UTF-8"?>
<!-- Generated by org.testng.reporters.JUnitReportReporter -->
<testsuite hostname="LAPTOP-HLGI9113" failures="0" tests="4" name="com.inetbanking.testcases.TC_EditCustTest_005" time="15.758" errors="0" timestamp="2021-03-10T12:08:10 IST" skipped="0">
  <testcase classname="com.inetbanking.testcases.TC_EditCustTest_005" name="editCust" time="5.675"/>
  <system-out/>
  <testcase classname="com.inetbanking.testcases.TC_EditCustTest_005" name="addCust" time="6.288"/>
  <system-out/>
  <testcase classname="com.inetbanking.testcases.TC_EditCustTest_005" name="login" time="2.395"/>
  <system-out/>
  <testcase classname="com.inetbanking.testcases.TC_EditCustTest_005" name="logout" time="1.400"/>
  <system-out/>
</testsuite> <!-- com.inetbanking.testcases.TC_EditCustTest_005 -->
