<?xml version="1.0" encoding="UTF-8"?>
<!-- Generated by org.testng.reporters.JUnitReportReporter -->
<testsuite hostname="LAPTOP-HLGI9113" failures="0" tests="5" name="com.inetbanking.testcases.TC_DeleteCustTest_006" time="21.593" errors="0" timestamp="2021-03-10T12:15:33 IST" skipped="0">
  <testcase classname="com.inetbanking.testcases.TC_DeleteCustTest_006" name="editCust" time="4.589"/>
  <system-out/>
  <testcase classname="com.inetbanking.testcases.TC_DeleteCustTest_006" name="addCust" time="6.388"/>
  <system-out/>
  <testcase classname="com.inetbanking.testcases.TC_DeleteCustTest_006" name="login" time="2.796"/>
  <system-out/>
  <testcase classname="com.inetbanking.testcases.TC_DeleteCustTest_006" name="logout" time="2.056"/>
  <system-out/>
  <testcase classname="com.inetbanking.testcases.TC_DeleteCustTest_006" name="deleteCust" time="5.764"/>
  <system-out/>
</testsuite> <!-- com.inetbanking.testcases.TC_DeleteCustTest_006 -->
