<?xml version="1.0" encoding="UTF-8"?>
<!-- Generated by org.testng.reporters.JUnitReportReporter -->
<testsuite hostname="LAPTOP-HLGI9113" failures="0" tests="3" name="com.inetbanking.testcases.TC_NewCustTest_003" time="10.716" errors="0" timestamp="2021-03-10T11:59:46 IST" skipped="0">
  <testcase classname="com.inetbanking.testcases.TC_NewCustTest_003" name="logout" time="2.506"/>
  <system-out/>
  <testcase classname="com.inetbanking.testcases.TC_NewCustTest_003" name="login" time="2.288"/>
  <system-out/>
  <testcase classname="com.inetbanking.testcases.TC_NewCustTest_003" name="addCust" time="5.922"/>
  <system-out/>
</testsuite> <!-- com.inetbanking.testcases.TC_NewCustTest_003 -->
