<?xml version="1.0" encoding="UTF-8"?>
<!-- Generated by org.testng.reporters.JUnitReportReporter -->
<testsuite hostname="LAPTOP-HLGI9113" failures="0" tests="4" name="com.inetbanking.testcases.TC_NewCustTest_004" time="25.334" errors="0" timestamp="2021-03-16T12:28:51 IST" skipped="0">
  <testcase classname="com.inetbanking.testcases.TC_NewCustTest_004" name="addCust" time="11.132"/>
  <system-out/>
  <testcase classname="com.inetbanking.testcases.TC_NewCustTest_004" name="addCust" time="9.792"/>
  <system-out/>
  <testcase classname="com.inetbanking.testcases.TC_NewCustTest_004" name="logout" time="1.256"/>
  <system-out/>
  <testcase classname="com.inetbanking.testcases.TC_NewCustTest_004" name="login" time="3.154"/>
  <system-out/>
</testsuite> <!-- com.inetbanking.testcases.TC_NewCustTest_004 -->
