<?xml version="1.0" encoding="UTF-8"?>
<!-- Generated by org.testng.reporters.JUnitReportReporter -->
<testsuite hostname="LAPTOP-HLGI9113" failures="0" tests="4" name="com.inetbanking.testcases.TC_NewCustTest_004" time="26.991" errors="0" timestamp="2021-03-10T12:04:09 IST" skipped="0">
  <testcase classname="com.inetbanking.testcases.TC_NewCustTest_004" name="logout" time="1.510"/>
  <system-out/>
  <testcase classname="com.inetbanking.testcases.TC_NewCustTest_004" name="login" time="3.930"/>
  <system-out/>
  <testcase classname="com.inetbanking.testcases.TC_NewCustTest_004" name="addCust" time="10.128"/>
  <system-out/>
  <testcase classname="com.inetbanking.testcases.TC_NewCustTest_004" name="addCust" time="11.423"/>
  <system-out/>
</testsuite> <!-- com.inetbanking.testcases.TC_NewCustTest_004 -->
