<?xml version="1.0" encoding="UTF-8"?>
<!-- Generated by org.testng.reporters.JUnitReportReporter -->
<testsuite hostname="LAPTOP-HLGI9113" failures="0" tests="2" name="com.inetbanking.testcases.TC_LoginTest_001" time="4.946" errors="0" timestamp="2021-03-10T11:52:02 IST" skipped="0">
  <testcase classname="com.inetbanking.testcases.TC_LoginTest_001" name="logout" time="2.030"/>
  <system-out/>
  <testcase classname="com.inetbanking.testcases.TC_LoginTest_001" name="login" time="2.916"/>
  <system-out/>
</testsuite> <!-- com.inetbanking.testcases.TC_LoginTest_001 -->
