<?xml version="1.0" encoding="UTF-8"?>
<!-- Generated by org.testng.reporters.JUnitReportReporter -->
<testsuite hostname="LAPTOP-HLGI9113" failures="0" tests="5" name="com.inetbanking.testcases.TC_DeleteCustTest_006" time="16.333" errors="0" timestamp="2021-03-16T21:47:49 IST" skipped="0">
  <testcase classname="com.inetbanking.testcases.TC_DeleteCustTest_006" name="logout" time="1.630"/>
  <system-out/>
  <testcase classname="com.inetbanking.testcases.TC_DeleteCustTest_006" name="login" time="1.872"/>
  <system-out/>
  <testcase classname="com.inetbanking.testcases.TC_DeleteCustTest_006" name="addCust" time="3.988"/>
  <system-out/>
  <testcase classname="com.inetbanking.testcases.TC_DeleteCustTest_006" name="deleteCust" time="5.199"/>
  <system-out/>
  <testcase classname="com.inetbanking.testcases.TC_DeleteCustTest_006" name="editCust" time="3.644"/>
  <system-out/>
</testsuite> <!-- com.inetbanking.testcases.TC_DeleteCustTest_006 -->
