<?xml version="1.0" encoding="UTF-8"?>
<!-- Generated by org.testng.reporters.JUnitReportReporter -->
<testsuite hostname="LAPTOP-HLGI9113" failures="0" tests="5" name="com.inetbanking.testcases.TC_DeleteCustTest_006" time="25.090" errors="0" timestamp="2021-03-12T17:53:57 IST" skipped="0">
  <testcase classname="com.inetbanking.testcases.TC_DeleteCustTest_006" name="deleteCust" time="6.156"/>
  <system-out/>
  <testcase classname="com.inetbanking.testcases.TC_DeleteCustTest_006" name="addCust" time="7.585"/>
  <system-out/>
  <testcase classname="com.inetbanking.testcases.TC_DeleteCustTest_006" name="editCust" time="4.561"/>
  <system-out/>
  <testcase classname="com.inetbanking.testcases.TC_DeleteCustTest_006" name="login" time="3.760"/>
  <system-out/>
  <testcase classname="com.inetbanking.testcases.TC_DeleteCustTest_006" name="logout" time="3.028"/>
  <system-out/>
</testsuite> <!-- com.inetbanking.testcases.TC_DeleteCustTest_006 -->
