<?xml version="1.0" encoding="UTF-8"?>
<!-- Generated by org.testng.reporters.JUnitReportReporter -->
<testsuite hostname="LAPTOP-HLGI9113" failures="0" tests="5" name="com.inetbanking.testcases.TC_DeleteCustTest_006" time="15.587" errors="0" timestamp="2021-03-16T10:20:32 IST" skipped="0">
  <testcase classname="com.inetbanking.testcases.TC_DeleteCustTest_006" name="addCust" time="3.582"/>
  <system-out/>
  <testcase classname="com.inetbanking.testcases.TC_DeleteCustTest_006" name="deleteCust" time="5.175"/>
  <system-out/>
  <testcase classname="com.inetbanking.testcases.TC_DeleteCustTest_006" name="editCust" time="2.965"/>
  <system-out/>
  <testcase classname="com.inetbanking.testcases.TC_DeleteCustTest_006" name="login" time="2.507"/>
  <system-out/>
  <testcase classname="com.inetbanking.testcases.TC_DeleteCustTest_006" name="logout" time="1.358"/>
  <system-out/>
</testsuite> <!-- com.inetbanking.testcases.TC_DeleteCustTest_006 -->
