<?xml version="1.0" encoding="UTF-8"?>
<!-- Generated by org.testng.reporters.JUnitReportReporter -->
<testsuite hostname="LAPTOP-HLGI9113" failures="0" tests="5" name="com.inetbanking.testcases.TC_DeleteCustTest_006" time="20.419" errors="0" timestamp="2021-03-11T10:24:40 IST" skipped="0">
  <testcase classname="com.inetbanking.testcases.TC_DeleteCustTest_006" name="addCust" time="6.085"/>
  <system-out/>
  <testcase classname="com.inetbanking.testcases.TC_DeleteCustTest_006" name="deleteCust" time="5.650"/>
  <system-out/>
  <testcase classname="com.inetbanking.testcases.TC_DeleteCustTest_006" name="editCust" time="4.335"/>
  <system-out/>
  <testcase classname="com.inetbanking.testcases.TC_DeleteCustTest_006" name="login" time="2.565"/>
  <system-out/>
  <testcase classname="com.inetbanking.testcases.TC_DeleteCustTest_006" name="logout" time="1.784"/>
  <system-out/>
</testsuite> <!-- com.inetbanking.testcases.TC_DeleteCustTest_006 -->
